<?xml version="1.0" encoding="UTF-8"?>
<testsuite xmlns:xsi="http://www.w3.org/2001/XMLSchema-instance" xsi:noNamespaceSchemaLocation="https://maven.apache.org/surefire/maven-surefire-plugin/xsd/surefire-test-report-3.0.xsd" version="3.0" name="projektarbete.Model.WorkContactTest" time="0.003" tests="3" errors="0" skipped="0" failures="0">
  <properties>
[...]
</properties>
  <testcase name="getJobPhoneNumber" classname="projektarbete.Model.WorkContactTest" time="0.001">
    <system-out><![CDATA[Starting tests of Getter methods from Class WorkContact
getJobPhoneNumber() done!
]]></system-out>
  </testcase>
  <testcase name="TestGetCompany" classname="projektarbete.Model.WorkContactTest" time="0">
    <system-out><![CDATA[TestGetCompany() done!
]]></system-out>
  </testcase>
  <testcase name="getTitle" classname="projektarbete.Model.WorkContactTest" time="0.001">
    <system-out><![CDATA[getTitle() done!
]]></system-out>
  </testcase>
</testsuite>