<?xml version="1.0" encoding="UTF-8"?>
<testsuite xmlns:xsi="http://www.w3.org/2001/XMLSchema-instance" xsi:schemaLocation="https://maven.apache.org/surefire/maven-surefire-plugin/xsd/surefire-test-report.xsd" name="projektarbete.Model.WorkContactTest" time="0.026" tests="3" errors="0" skipped="0" failures="0">
  <properties>
[...]
</properties>
  <testcase name="getJobPhoneNumber" classname="projektarbete.Model.WorkContactTest" time="0.017"/>
  <testcase name="TestGetCompany" classname="projektarbete.Model.WorkContactTest" time="0"/>
  <testcase name="getTitle" classname="projektarbete.Model.WorkContactTest" time="0.003"/>
</testsuite>